0 info it worked if it ends with ok
1 verbose cli [ 'C:\\Program Files\\nodejs\\node.exe',
1 verbose cli   'C:\\Program Files\\nodejs\\node_modules\\npm\\bin\\npm-cli.js',
1 verbose cli   'run',
1 verbose cli   'android-simple' ]
2 info using npm@3.10.10
3 info using node@v6.11.2
4 verbose run-script [ 'preandroid-simple', 'android-simple', 'postandroid-simple' ]
5 info lifecycle appium-sample-code@1.0.0~preandroid-simple: appium-sample-code@1.0.0
6 silly lifecycle appium-sample-code@1.0.0~preandroid-simple: no script for preandroid-simple, continuing
7 info lifecycle appium-sample-code@1.0.0~android-simple: appium-sample-code@1.0.0
8 verbose lifecycle appium-sample-code@1.0.0~android-simple: unsafe-perm in lifecycle true
9 verbose lifecycle appium-sample-code@1.0.0~android-simple: PATH: C:\Program Files\nodejs\node_modules\npm\bin\node-gyp-bin;C:\Users\Veni2\Desktop\appium\sample-code\sample-code\examples\node\node_modules\.bin;C:\ProgramData\Oracle\Java\javapath;C:\Windows\system32;C:\Windows;C:\Windows\System32\Wbem;C:\Windows\System32\WindowsPowerShell\v1.0\;C:\Program Files\nodejs\;C:\platform-tools;C:\Program Files\Git\cmd;C:\Users\Veni2\AppData\Roaming\npm;C:\Program Files\Docker Toolbox;C:\Program Files\Oracle\VirtualBox;C:\Program Files (x86)\Java\jdk1.8.0_151\bin;C:\Users\Veni2\Desktop\sdk\platform-tools;C:\Users\Veni2\Desktop\sdk\tools;
10 verbose lifecycle appium-sample-code@1.0.0~android-simple: CWD: C:\Users\Veni2\Desktop\appium\sample-code\sample-code\examples\node
11 silly lifecycle appium-sample-code@1.0.0~android-simple: Args: [ '/d /s /c', 'mocha android-simple.js' ]
12 silly lifecycle appium-sample-code@1.0.0~android-simple: Returned: code: 2  signal: null
13 info lifecycle appium-sample-code@1.0.0~android-simple: Failed to exec android-simple script
14 verbose stack Error: appium-sample-code@1.0.0 android-simple: `mocha android-simple.js`
14 verbose stack Exit status 2
14 verbose stack     at EventEmitter.<anonymous> (C:\Program Files\nodejs\node_modules\npm\lib\utils\lifecycle.js:255:16)
14 verbose stack     at emitTwo (events.js:106:13)
14 verbose stack     at EventEmitter.emit (events.js:191:7)
14 verbose stack     at ChildProcess.<anonymous> (C:\Program Files\nodejs\node_modules\npm\lib\utils\spawn.js:40:14)
14 verbose stack     at emitTwo (events.js:106:13)
14 verbose stack     at ChildProcess.emit (events.js:191:7)
14 verbose stack     at maybeClose (internal/child_process.js:891:16)
14 verbose stack     at Process.ChildProcess._handle.onexit (internal/child_process.js:226:5)
15 verbose pkgid appium-sample-code@1.0.0
16 verbose cwd C:\Users\Veni2\Desktop\appium\sample-code\sample-code\examples\node
17 error Windows_NT 6.1.7601
18 error argv "C:\\Program Files\\nodejs\\node.exe" "C:\\Program Files\\nodejs\\node_modules\\npm\\bin\\npm-cli.js" "run" "android-simple"
19 error node v6.11.2
20 error npm  v3.10.10
21 error code ELIFECYCLE
22 error appium-sample-code@1.0.0 android-simple: `mocha android-simple.js`
22 error Exit status 2
23 error Failed at the appium-sample-code@1.0.0 android-simple script 'mocha android-simple.js'.
23 error Make sure you have the latest version of node.js and npm installed.
23 error If you do, this is most likely a problem with the appium-sample-code package,
23 error not with npm itself.
23 error Tell the author that this fails on your system:
23 error     mocha android-simple.js
23 error You can get information on how to open an issue for this project with:
23 error     npm bugs appium-sample-code
23 error Or if that isn't available, you can get their info via:
23 error     npm owner ls appium-sample-code
23 error There is likely additional logging output above.
24 verbose exit [ 1, true ]
